mode: set
github.com/ZellyDev-Games/OpenSplit/main.go:38.13,62.27 17 0
github.com/ZellyDev-Games/OpenSplit/main.go:62.27,64.3 1 0
github.com/ZellyDev-Games/OpenSplit/main.go:65.2,75.75 3 0
github.com/ZellyDev-Games/OpenSplit/main.go:75.75,76.59 1 0
github.com/ZellyDev-Games/OpenSplit/main.go:76.59,79.6 2 0
github.com/ZellyDev-Games/OpenSplit/main.go:80.5,80.24 1 0
github.com/ZellyDev-Games/OpenSplit/main.go:84.40,90.29 6 0
github.com/ZellyDev-Games/OpenSplit/main.go:90.29,92.5 1 0
github.com/ZellyDev-Games/OpenSplit/main.go:93.4,94.47 2 0
github.com/ZellyDev-Games/OpenSplit/main.go:96.41,98.4 1 0
github.com/ZellyDev-Games/OpenSplit/main.go:106.2,106.16 1 0
github.com/ZellyDev-Games/OpenSplit/main.go:106.16,108.3 1 0
github.com/ZellyDev-Games/OpenSplit/main.go:111.34,113.16 2 0
github.com/ZellyDev-Games/OpenSplit/main.go:113.16,114.13 1 0
github.com/ZellyDev-Games/OpenSplit/main.go:117.2,126.32 4 0
github.com/ZellyDev-Games/OpenSplit/main.go:129.51,131.2 1 0
github.com/ZellyDev-Games/OpenSplit/main.go:133.44,135.16 2 0
github.com/ZellyDev-Games/OpenSplit/main.go:135.16,136.13 1 0
github.com/ZellyDev-Games/OpenSplit/main.go:139.2,143.16 5 0
github.com/ZellyDev-Games/OpenSplit/main.go:143.16,144.13 1 0
github.com/ZellyDev-Games/OpenSplit/main.go:147.2,148.16 2 0
github.com/ZellyDev-Games/OpenSplit/main.go:148.16,149.13 1 0
github.com/ZellyDev-Games/OpenSplit/main.go:152.2,153.16 2 0
github.com/ZellyDev-Games/OpenSplit/main.go:153.16,154.13 1 0
github.com/ZellyDev-Games/OpenSplit/main.go:156.2,156.32 1 0
github.com/ZellyDev-Games/OpenSplit/main.go:159.82,160.12 1 0
github.com/ZellyDev-Games/OpenSplit/main.go:160.12,173.10 7 0
github.com/ZellyDev-Games/OpenSplit/main.go:174.23,174.23 0 0
github.com/ZellyDev-Games/OpenSplit/main.go:175.38,175.38 0 0
github.com/ZellyDev-Games/OpenSplit/main.go:177.3,177.13 1 0
github.com/ZellyDev-Games/OpenSplit/main.go:181.55,182.25 1 0
github.com/ZellyDev-Games/OpenSplit/main.go:182.25,186.3 3 0
github.com/ZellyDev-Games/OpenSplit/logger/log.go:12.33,14.2 1 0
github.com/ZellyDev-Games/OpenSplit/logger/log.go:16.22,18.2 1 0
github.com/ZellyDev-Games/OpenSplit/logger/log.go:20.21,22.2 1 0
github.com/ZellyDev-Games/OpenSplit/logger/log.go:24.21,26.2 1 0
github.com/ZellyDev-Games/OpenSplit/logger/log.go:28.22,30.2 1 0
github.com/ZellyDev-Games/OpenSplit/logger/log.go:37.58,39.31 2 0
github.com/ZellyDev-Games/OpenSplit/logger/log.go:39.31,42.17 3 0
github.com/ZellyDev-Games/OpenSplit/logger/log.go:42.17,44.4 1 0
github.com/ZellyDev-Games/OpenSplit/logger/log.go:48.23,52.2 3 0
github.com/ZellyDev-Games/OpenSplit/session/runtime/file.go:7.87,9.2 1 0
github.com/ZellyDev-Games/OpenSplit/session/runtime/file.go:11.65,13.2 1 0
github.com/ZellyDev-Games/OpenSplit/session/runtime/file.go:15.69,17.2 1 0
github.com/ZellyDev-Games/OpenSplit/session/runtime/file.go:19.53,21.2 1 0
github.com/ZellyDev-Games/OpenSplit/session/runtime/wails.go:11.111,13.2 1 0
github.com/ZellyDev-Games/OpenSplit/session/runtime/wails.go:15.111,17.2 1 0
github.com/ZellyDev-Games/OpenSplit/session/runtime/wails.go:19.32,21.2 1 0
github.com/ZellyDev-Games/OpenSplit/session/runtime/wails.go:23.60,25.2 1 0
github.com/ZellyDev-Games/OpenSplit/sysopen/service.go:20.45,24.2 1 0
github.com/ZellyDev-Games/OpenSplit/sysopen/service.go:29.48,31.2 1 0
github.com/ZellyDev-Games/OpenSplit/sysopen/service.go:34.37,36.16 2 0
github.com/ZellyDev-Games/OpenSplit/sysopen/service.go:36.16,38.3 1 0
github.com/ZellyDev-Games/OpenSplit/sysopen/service.go:42.49,43.16 1 0
github.com/ZellyDev-Games/OpenSplit/sysopen/service.go:43.16,45.3 1 0
github.com/ZellyDev-Games/OpenSplit/sysopen/service.go:46.2,47.27 2 0
github.com/ZellyDev-Games/OpenSplit/sysopen/service.go:47.27,49.17 2 0
github.com/ZellyDev-Games/OpenSplit/sysopen/service.go:49.17,51.4 1 0
github.com/ZellyDev-Games/OpenSplit/sysopen/service.go:52.3,52.10 1 0
github.com/ZellyDev-Games/OpenSplit/sysopen/service.go:54.2,55.16 2 0
github.com/ZellyDev-Games/OpenSplit/sysopen/service.go:55.16,57.3 1 0
github.com/ZellyDev-Games/OpenSplit/sysopen/service.go:58.2,58.19 1 0
github.com/ZellyDev-Games/OpenSplit/sysopen/service.go:58.19,61.3 2 0
github.com/ZellyDev-Games/OpenSplit/sysopen/service.go:63.2,63.22 1 0
github.com/ZellyDev-Games/OpenSplit/sysopen/service.go:64.17,65.81 1 0
github.com/ZellyDev-Games/OpenSplit/sysopen/service.go:66.16,67.57 1 0
github.com/ZellyDev-Games/OpenSplit/sysopen/service.go:68.15,69.61 1 0
github.com/ZellyDev-Games/OpenSplit/sysopen/service.go:70.10,71.38 1 0
github.com/ZellyDev-Games/OpenSplit/skin/service.go:19.64,22.2 2 0
github.com/ZellyDev-Games/OpenSplit/skin/service.go:25.48,28.16 3 0
github.com/ZellyDev-Games/OpenSplit/skin/service.go:28.16,31.3 2 0
github.com/ZellyDev-Games/OpenSplit/skin/service.go:33.2,33.28 1 0
github.com/ZellyDev-Games/OpenSplit/skin/service.go:33.28,34.17 1 0
github.com/ZellyDev-Games/OpenSplit/skin/service.go:34.17,35.12 1 0
github.com/ZellyDev-Games/OpenSplit/skin/service.go:37.3,39.65 3 0
github.com/ZellyDev-Games/OpenSplit/skin/service.go:39.65,41.4 1 0
github.com/ZellyDev-Games/OpenSplit/skin/service.go:43.2,44.23 2 0
github.com/ZellyDev-Games/OpenSplit/hotkeys/provider_windows.go:68.64,72.2 3 0
github.com/ZellyDev-Games/OpenSplit/hotkeys/provider_windows.go:74.52,79.2 4 0
github.com/ZellyDev-Games/OpenSplit/hotkeys/provider_windows.go:87.44,88.12 1 0
github.com/ZellyDev-Games/OpenSplit/hotkeys/provider_windows.go:88.12,101.17 7 0
github.com/ZellyDev-Games/OpenSplit/hotkeys/provider_windows.go:101.17,104.4 2 0
github.com/ZellyDev-Games/OpenSplit/hotkeys/provider_windows.go:106.3,110.7 4 0
github.com/ZellyDev-Games/OpenSplit/hotkeys/provider_windows.go:110.7,113.16 3 0
github.com/ZellyDev-Games/OpenSplit/hotkeys/provider_windows.go:113.16,116.19 3 0
github.com/ZellyDev-Games/OpenSplit/hotkeys/provider_windows.go:116.19,118.6 1 0
github.com/ZellyDev-Games/OpenSplit/hotkeys/provider_windows.go:119.5,119.11 1 0
github.com/ZellyDev-Games/OpenSplit/hotkeys/provider_windows.go:124.2,124.12 1 0
github.com/ZellyDev-Games/OpenSplit/hotkeys/provider_windows.go:130.41,132.14 2 0
github.com/ZellyDev-Games/OpenSplit/hotkeys/provider_windows.go:132.14,135.3 2 0
github.com/ZellyDev-Games/OpenSplit/hotkeys/provider_windows.go:136.2,137.12 2 0
github.com/ZellyDev-Games/OpenSplit/hotkeys/provider_windows.go:142.105,144.20 1 0
github.com/ZellyDev-Games/OpenSplit/hotkeys/provider_windows.go:144.20,147.3 2 0
github.com/ZellyDev-Games/OpenSplit/hotkeys/provider_windows.go:150.2,150.16 1 0
github.com/ZellyDev-Games/OpenSplit/hotkeys/provider_windows.go:150.16,151.30 1 0
github.com/ZellyDev-Games/OpenSplit/hotkeys/provider_windows.go:151.30,159.16 7 0
github.com/ZellyDev-Games/OpenSplit/hotkeys/provider_windows.go:159.16,161.5 1 0
github.com/ZellyDev-Games/OpenSplit/hotkeys/provider_windows.go:163.4,164.20 2 0
github.com/ZellyDev-Games/OpenSplit/hotkeys/provider_windows.go:164.20,166.5 1 0
github.com/ZellyDev-Games/OpenSplit/hotkeys/provider_windows.go:168.4,172.5 2 0
github.com/ZellyDev-Games/OpenSplit/hotkeys/provider_windows.go:175.3,176.13 2 0
github.com/ZellyDev-Games/OpenSplit/hotkeys/provider_windows.go:180.2,181.16 2 0
github.com/ZellyDev-Games/OpenSplit/hotkeys/provider_windows.go:181.16,183.3 1 0
github.com/ZellyDev-Games/OpenSplit/hotkeys/provider_windows.go:184.2,184.12 1 0
github.com/ZellyDev-Games/OpenSplit/hotkeys/service.go:40.105,46.2 1 1
github.com/ZellyDev-Games/OpenSplit/hotkeys/service.go:50.37,53.16 3 1
github.com/ZellyDev-Games/OpenSplit/hotkeys/service.go:53.16,55.3 1 0
github.com/ZellyDev-Games/OpenSplit/hotkeys/service.go:56.2,56.17 1 1
github.com/ZellyDev-Games/OpenSplit/hotkeys/service.go:60.36,62.16 2 1
github.com/ZellyDev-Games/OpenSplit/hotkeys/service.go:62.16,64.3 1 0
github.com/ZellyDev-Games/OpenSplit/hotkeys/service.go:65.2,65.23 1 1
github.com/ZellyDev-Games/OpenSplit/hotkeys/service.go:73.30,74.6 1 1
github.com/ZellyDev-Games/OpenSplit/hotkeys/service.go:74.6,75.10 1 1
github.com/ZellyDev-Games/OpenSplit/hotkeys/service.go:76.25,77.10 1 1
github.com/ZellyDev-Games/OpenSplit/hotkeys/service.go:79.41,80.11 1 1
github.com/ZellyDev-Games/OpenSplit/hotkeys/service.go:80.11,83.5 2 0
github.com/ZellyDev-Games/OpenSplit/hotkeys/service.go:84.4,84.27 1 1
github.com/ZellyDev-Games/OpenSplit/hotkeys/service.go:85.12,86.29 1 1
github.com/ZellyDev-Games/OpenSplit/timer/service.go:31.67,40.2 2 1
github.com/ZellyDev-Games/OpenSplit/timer/service.go:43.48,46.2 2 1
github.com/ZellyDev-Games/OpenSplit/timer/service.go:49.36,51.2 1 0
github.com/ZellyDev-Games/OpenSplit/timer/service.go:53.25,54.12 1 1
github.com/ZellyDev-Games/OpenSplit/timer/service.go:54.12,56.7 2 1
github.com/ZellyDev-Games/OpenSplit/timer/service.go:56.7,57.11 1 1
github.com/ZellyDev-Games/OpenSplit/timer/service.go:58.24,59.11 1 1
github.com/ZellyDev-Games/OpenSplit/timer/service.go:60.30,61.18 1 1
github.com/ZellyDev-Games/OpenSplit/timer/service.go:68.27,71.16 3 0
github.com/ZellyDev-Games/OpenSplit/timer/service.go:71.16,75.3 2 0
github.com/ZellyDev-Games/OpenSplit/timer/service.go:79.27,82.15 3 0
github.com/ZellyDev-Games/OpenSplit/timer/service.go:82.15,85.3 2 0
github.com/ZellyDev-Games/OpenSplit/timer/service.go:89.27,94.2 4 0
github.com/ZellyDev-Games/OpenSplit/timer/service.go:97.52,99.2 1 0
github.com/ZellyDev-Games/OpenSplit/timer/service.go:102.50,104.2 1 0
github.com/ZellyDev-Games/OpenSplit/timer/service.go:106.43,107.15 1 1
github.com/ZellyDev-Games/OpenSplit/timer/service.go:107.15,112.3 4 1
github.com/ZellyDev-Games/OpenSplit/timer/ticker.go:9.41,9.78 1 0
github.com/ZellyDev-Games/OpenSplit/timer/ticker.go:12.39,12.55 1 0
github.com/ZellyDev-Games/OpenSplit/timer/ticker.go:15.24,15.38 1 0
github.com/ZellyDev-Games/OpenSplit/session/jsonfile.go:54.80,59.2 1 1
github.com/ZellyDev-Games/OpenSplit/session/jsonfile.go:64.49,66.2 1 0
github.com/ZellyDev-Games/OpenSplit/session/jsonfile.go:74.87,76.16 2 1
github.com/ZellyDev-Games/OpenSplit/session/jsonfile.go:76.16,79.3 2 0
github.com/ZellyDev-Games/OpenSplit/session/jsonfile.go:81.2,81.22 1 1
github.com/ZellyDev-Games/OpenSplit/session/jsonfile.go:81.22,93.17 3 1
github.com/ZellyDev-Games/OpenSplit/session/jsonfile.go:93.17,96.4 2 0
github.com/ZellyDev-Games/OpenSplit/session/jsonfile.go:98.3,98.21 1 1
github.com/ZellyDev-Games/OpenSplit/session/jsonfile.go:98.21,101.4 2 0
github.com/ZellyDev-Games/OpenSplit/session/jsonfile.go:103.3,103.24 1 1
github.com/ZellyDev-Games/OpenSplit/session/jsonfile.go:106.2,108.16 3 1
github.com/ZellyDev-Games/OpenSplit/session/jsonfile.go:108.16,111.3 2 0
github.com/ZellyDev-Games/OpenSplit/session/jsonfile.go:112.2,113.16 2 1
github.com/ZellyDev-Games/OpenSplit/session/jsonfile.go:113.16,116.3 2 0
github.com/ZellyDev-Games/OpenSplit/session/jsonfile.go:118.2,118.12 1 1
github.com/ZellyDev-Games/OpenSplit/session/jsonfile.go:123.53,126.16 3 1
github.com/ZellyDev-Games/OpenSplit/session/jsonfile.go:126.16,128.3 1 0
github.com/ZellyDev-Games/OpenSplit/session/jsonfile.go:130.2,139.16 2 1
github.com/ZellyDev-Games/OpenSplit/session/jsonfile.go:139.16,142.3 2 0
github.com/ZellyDev-Games/OpenSplit/session/jsonfile.go:144.2,144.20 1 1
github.com/ZellyDev-Games/OpenSplit/session/jsonfile.go:144.20,147.3 2 0
github.com/ZellyDev-Games/OpenSplit/session/jsonfile.go:149.2,152.16 3 1
github.com/ZellyDev-Games/OpenSplit/session/jsonfile.go:152.16,155.3 2 0
github.com/ZellyDev-Games/OpenSplit/session/jsonfile.go:157.2,158.16 2 1
github.com/ZellyDev-Games/OpenSplit/session/jsonfile.go:158.16,160.3 1 0
github.com/ZellyDev-Games/OpenSplit/session/jsonfile.go:162.2,162.30 1 1
github.com/ZellyDev-Games/OpenSplit/session/jsonfile.go:165.58,167.31 2 1
github.com/ZellyDev-Games/OpenSplit/session/jsonfile.go:167.31,169.3 1 0
github.com/ZellyDev-Games/OpenSplit/session/jsonfile.go:169.8,171.17 2 1
github.com/ZellyDev-Games/OpenSplit/session/jsonfile.go:171.17,174.4 2 0
github.com/ZellyDev-Games/OpenSplit/session/jsonfile.go:175.3,177.17 3 1
github.com/ZellyDev-Games/OpenSplit/session/jsonfile.go:177.17,180.4 2 0
github.com/ZellyDev-Games/OpenSplit/session/jsonfile.go:183.2,183.30 1 1
github.com/ZellyDev-Games/OpenSplit/session/jsonfile.go:186.74,187.22 1 1
github.com/ZellyDev-Games/OpenSplit/session/jsonfile.go:187.22,189.3 1 0
github.com/ZellyDev-Games/OpenSplit/session/jsonfile.go:189.8,191.3 1 1
github.com/ZellyDev-Games/OpenSplit/session/segment.go:32.62,33.22 1 1
github.com/ZellyDev-Games/OpenSplit/session/segment.go:33.22,35.3 1 0
github.com/ZellyDev-Games/OpenSplit/session/segment.go:36.2,37.16 2 1
github.com/ZellyDev-Games/OpenSplit/session/segment.go:37.16,39.3 1 0
github.com/ZellyDev-Games/OpenSplit/session/segment.go:41.2,42.16 2 1
github.com/ZellyDev-Games/OpenSplit/session/segment.go:42.16,44.3 1 0
github.com/ZellyDev-Games/OpenSplit/session/segment.go:46.2,46.119 1 1
github.com/ZellyDev-Games/OpenSplit/session/segment.go:50.47,57.2 1 1
github.com/ZellyDev-Games/OpenSplit/session/service.go:24.39,26.24 2 0
github.com/ZellyDev-Games/OpenSplit/session/service.go:26.24,28.3 1 0
github.com/ZellyDev-Games/OpenSplit/session/service.go:29.2,31.3 1 0
github.com/ZellyDev-Games/OpenSplit/session/service.go:101.121,111.2 2 1
github.com/ZellyDev-Games/OpenSplit/session/service.go:119.48,123.12 4 0
github.com/ZellyDev-Games/OpenSplit/session/service.go:123.12,124.7 1 0
github.com/ZellyDev-Games/OpenSplit/session/service.go:124.7,125.11 1 0
github.com/ZellyDev-Games/OpenSplit/session/service.go:126.24,127.11 1 0
github.com/ZellyDev-Games/OpenSplit/session/service.go:128.51,129.12 1 0
github.com/ZellyDev-Games/OpenSplit/session/service.go:129.12,131.6 1 0
github.com/ZellyDev-Games/OpenSplit/session/service.go:132.5,132.60 1 0
github.com/ZellyDev-Games/OpenSplit/session/service.go:143.27,144.30 1 1
github.com/ZellyDev-Games/OpenSplit/session/service.go:144.30,147.3 2 1
github.com/ZellyDev-Games/OpenSplit/session/service.go:149.2,149.16 1 1
github.com/ZellyDev-Games/OpenSplit/session/service.go:149.16,152.3 2 1
github.com/ZellyDev-Games/OpenSplit/session/service.go:152.8,154.3 1 1
github.com/ZellyDev-Games/OpenSplit/session/service.go:156.2,156.62 1 1
github.com/ZellyDev-Games/OpenSplit/session/service.go:156.62,163.3 6 1
github.com/ZellyDev-Games/OpenSplit/session/service.go:165.2,166.32 2 1
github.com/ZellyDev-Games/OpenSplit/session/service.go:166.32,182.3 7 1
github.com/ZellyDev-Games/OpenSplit/session/service.go:182.8,190.3 2 1
github.com/ZellyDev-Games/OpenSplit/session/service.go:194.27,195.25 1 1
github.com/ZellyDev-Games/OpenSplit/session/service.go:195.25,199.3 3 1
github.com/ZellyDev-Games/OpenSplit/session/service.go:199.8,203.3 3 1
github.com/ZellyDev-Games/OpenSplit/session/service.go:209.27,214.53 3 1
github.com/ZellyDev-Games/OpenSplit/session/service.go:214.53,216.3 1 1
github.com/ZellyDev-Games/OpenSplit/session/service.go:218.2,223.30 6 1
github.com/ZellyDev-Games/OpenSplit/session/service.go:223.30,225.3 1 1
github.com/ZellyDev-Games/OpenSplit/session/service.go:225.8,227.3 1 0
github.com/ZellyDev-Games/OpenSplit/session/service.go:233.67,235.16 2 1
github.com/ZellyDev-Games/OpenSplit/session/service.go:235.16,238.3 2 0
github.com/ZellyDev-Games/OpenSplit/session/service.go:240.2,242.16 3 1
github.com/ZellyDev-Games/OpenSplit/session/service.go:242.16,244.32 2 0
github.com/ZellyDev-Games/OpenSplit/session/service.go:244.32,247.4 2 0
github.com/ZellyDev-Games/OpenSplit/session/service.go:248.3,250.13 3 0
github.com/ZellyDev-Games/OpenSplit/session/service.go:253.2,254.12 2 1
github.com/ZellyDev-Games/OpenSplit/session/service.go:261.61,263.16 2 1
github.com/ZellyDev-Games/OpenSplit/session/service.go:263.16,266.3 2 0
github.com/ZellyDev-Games/OpenSplit/session/service.go:268.2,269.16 2 1
github.com/ZellyDev-Games/OpenSplit/session/service.go:269.16,272.3 2 0
github.com/ZellyDev-Games/OpenSplit/session/service.go:274.2,277.33 4 1
github.com/ZellyDev-Games/OpenSplit/session/service.go:281.53,283.2 1 1
github.com/ZellyDev-Games/OpenSplit/session/service.go:286.36,290.2 3 0
github.com/ZellyDev-Games/OpenSplit/session/service.go:296.58,297.30 1 1
github.com/ZellyDev-Games/OpenSplit/session/service.go:297.30,300.3 2 1
github.com/ZellyDev-Games/OpenSplit/session/service.go:301.2,301.12 1 0
github.com/ZellyDev-Games/OpenSplit/session/service.go:304.54,306.30 2 1
github.com/ZellyDev-Games/OpenSplit/session/service.go:306.30,309.3 2 1
github.com/ZellyDev-Games/OpenSplit/session/service.go:311.2,312.29 2 1
github.com/ZellyDev-Games/OpenSplit/session/service.go:312.29,315.3 2 1
github.com/ZellyDev-Games/OpenSplit/session/service.go:317.2,327.16 2 1
github.com/ZellyDev-Games/OpenSplit/session/service.go:330.50,339.17 3 1
github.com/ZellyDev-Games/OpenSplit/session/service.go:339.17,342.3 2 1
github.com/ZellyDev-Games/OpenSplit/session/service.go:344.2,344.32 1 1
github.com/ZellyDev-Games/OpenSplit/session/service.go:344.32,347.3 2 1
github.com/ZellyDev-Games/OpenSplit/session/service.go:349.2,349.16 1 1
github.com/ZellyDev-Games/OpenSplit/session/service.go:354.65,355.18 1 1
github.com/ZellyDev-Games/OpenSplit/session/service.go:355.18,357.3 1 0
github.com/ZellyDev-Games/OpenSplit/session/splitfile.go:28.114,36.2 1 0
github.com/ZellyDev-Games/OpenSplit/session/splitfile.go:39.34,41.2 1 1
github.com/ZellyDev-Games/OpenSplit/session/splitfile.go:44.47,46.2 1 1
github.com/ZellyDev-Games/OpenSplit/session/splitfile.go:50.51,52.37 2 1
github.com/ZellyDev-Games/OpenSplit/session/splitfile.go:52.37,54.3 1 1
github.com/ZellyDev-Games/OpenSplit/session/splitfile.go:55.2,61.3 1 1
github.com/ZellyDev-Games/OpenSplit/session/splitfile.go:64.67,66.43 2 1
github.com/ZellyDev-Games/OpenSplit/session/splitfile.go:66.43,68.17 2 1
github.com/ZellyDev-Games/OpenSplit/session/splitfile.go:68.17,70.4 1 0
github.com/ZellyDev-Games/OpenSplit/session/splitfile.go:71.3,71.42 1 1
github.com/ZellyDev-Games/OpenSplit/session/splitfile.go:74.2,80.8 1 1
github.com/ZellyDev-Games/OpenSplit/utils/timer.go:11.49,13.11 2 1
github.com/ZellyDev-Games/OpenSplit/utils/timer.go:13.11,16.3 2 0
github.com/ZellyDev-Games/OpenSplit/utils/timer.go:17.2,24.62 7 1
github.com/ZellyDev-Games/OpenSplit/utils/timer.go:30.57,32.31 2 1
github.com/ZellyDev-Games/OpenSplit/utils/timer.go:32.31,35.3 2 0
github.com/ZellyDev-Games/OpenSplit/utils/timer.go:37.2,39.16 3 1
github.com/ZellyDev-Games/OpenSplit/utils/timer.go:39.16,41.3 1 0
github.com/ZellyDev-Games/OpenSplit/utils/timer.go:43.2,48.9 2 1
github.com/ZellyDev-Games/OpenSplit/utils/timer.go:48.9,50.3 1 0
github.com/ZellyDev-Games/OpenSplit/utils/timer.go:51.2,51.15 1 1
